{"meta": {"format": 3, "version": "7.9.2", "timestamp": "2025-07-12T04:28:56.952440", "branch_coverage": false, "show_contexts": false}, "files": {"django_cap/__init__.py": {"executed_lines": [1, 8, 9, 10], "summary": {"covered_lines": 3, "num_statements": 3, "percent_covered": 100.0, "percent_covered_display": "100", "missing_lines": 0, "excluded_lines": 0}, "missing_lines": [], "excluded_lines": [], "functions": {"": {"executed_lines": [1, 8, 9, 10], "summary": {"covered_lines": 3, "num_statements": 3, "percent_covered": 100.0, "percent_covered_display": "100", "missing_lines": 0, "excluded_lines": 0}, "missing_lines": [], "excluded_lines": []}}, "classes": {"": {"executed_lines": [1, 8, 9, 10], "summary": {"covered_lines": 3, "num_statements": 3, "percent_covered": 100.0, "percent_covered_display": "100", "missing_lines": 0, "excluded_lines": 0}, "missing_lines": [], "excluded_lines": []}}}, "django_cap/admin.py": {"executed_lines": [1, 3, 7, 9, 10, 11, 15, 16, 17, 18, 19, 20, 21, 23, 26, 27, 29, 30, 31, 32, 33, 34, 35, 37, 40, 41], "summary": {"covered_lines": 26, "num_statements": 29, "percent_covered": 89.65517241379311, "percent_covered_display": "90", "missing_lines": 3, "excluded_lines": 0}, "missing_lines": [13, 24, 38], "excluded_lines": [], "functions": {"ChallengeAdmin.is_expired": {"executed_lines": [], "summary": {"covered_lines": 0, "num_statements": 1, "percent_covered": 0.0, "percent_covered_display": "0", "missing_lines": 1, "excluded_lines": 0}, "missing_lines": [24], "excluded_lines": []}, "TokenAdmin.is_expired": {"executed_lines": [], "summary": {"covered_lines": 0, "num_statements": 1, "percent_covered": 0.0, "percent_covered_display": "0", "missing_lines": 1, "excluded_lines": 0}, "missing_lines": [38], "excluded_lines": []}, "": {"executed_lines": [1, 3, 7, 9, 10, 11, 15, 16, 17, 18, 19, 20, 21, 23, 26, 27, 29, 30, 31, 32, 33, 34, 35, 37, 40, 41], "summary": {"covered_lines": 26, "num_statements": 27, "percent_covered": 96.29629629629629, "percent_covered_display": "96", "missing_lines": 1, "excluded_lines": 0}, "missing_lines": [13], "excluded_lines": []}}, "classes": {"ChallengeAdmin": {"executed_lines": [], "summary": {"covered_lines": 0, "num_statements": 1, "percent_covered": 0.0, "percent_covered_display": "0", "missing_lines": 1, "excluded_lines": 0}, "missing_lines": [24], "excluded_lines": []}, "TokenAdmin": {"executed_lines": [], "summary": {"covered_lines": 0, "num_statements": 1, "percent_covered": 0.0, "percent_covered_display": "0", "missing_lines": 1, "excluded_lines": 0}, "missing_lines": [38], "excluded_lines": []}, "": {"executed_lines": [1, 3, 7, 9, 10, 11, 15, 16, 17, 18, 19, 20, 21, 23, 26, 27, 29, 30, 31, 32, 33, 34, 35, 37, 40, 41], "summary": {"covered_lines": 26, "num_statements": 27, "percent_covered": 96.29629629629629, "percent_covered_display": "96", "missing_lines": 1, "excluded_lines": 0}, "missing_lines": [13], "excluded_lines": []}}}, "django_cap/apps.py": {"executed_lines": [1, 4, 5, 6], "summary": {"covered_lines": 4, "num_statements": 4, "percent_covered": 100.0, "percent_covered_display": "100", "missing_lines": 0, "excluded_lines": 0}, "missing_lines": [], "excluded_lines": [], "functions": {"": {"executed_lines": [1, 4, 5, 6], "summary": {"covered_lines": 4, "num_statements": 4, "percent_covered": 100.0, "percent_covered_display": "100", "missing_lines": 0, "excluded_lines": 0}, "missing_lines": [], "excluded_lines": []}}, "classes": {"DjangoCapConfig": {"executed_lines": [], "summary": {"covered_lines": 0, "num_statements": 0, "percent_covered": 100.0, "percent_covered_display": "100", "missing_lines": 0, "excluded_lines": 0}, "missing_lines": [], "excluded_lines": []}, "": {"executed_lines": [1, 4, 5, 6], "summary": {"covered_lines": 4, "num_statements": 4, "percent_covered": 100.0, "percent_covered_display": "100", "missing_lines": 0, "excluded_lines": 0}, "missing_lines": [], "excluded_lines": []}}}, "django_cap/cap_core/__init__.py": {"executed_lines": [0], "summary": {"covered_lines": 0, "num_statements": 0, "percent_covered": 100.0, "percent_covered_display": "100", "missing_lines": 0, "excluded_lines": 0}, "missing_lines": [], "excluded_lines": [], "functions": {"": {"executed_lines": [], "summary": {"covered_lines": 0, "num_statements": 0, "percent_covered": 100.0, "percent_covered_display": "100", "missing_lines": 0, "excluded_lines": 0}, "missing_lines": [], "excluded_lines": []}}, "classes": {"": {"executed_lines": [], "summary": {"covered_lines": 0, "num_statements": 0, "percent_covered": 100.0, "percent_covered_display": "100", "missing_lines": 0, "excluded_lines": 0}, "missing_lines": [], "excluded_lines": []}}}, "django_cap/cap_core/cap.py": {"executed_lines": [3, 4, 5, 7, 8, 10, 21, 22, 23, 24, 25, 30, 31, 33, 34, 35, 37, 42, 44, 46, 47, 51, 52, 55, 56, 57, 58, 60, 61, 63, 64, 65, 69, 70, 71, 72, 74, 75, 76, 77, 79, 88, 89, 91, 103, 104, 110, 114, 116, 117, 123, 126, 127, 128, 131, 134, 136, 142], "summary": {"covered_lines": 58, "num_statements": 70, "percent_covered": 82.85714285714286, "percent_covered_display": "83", "missing_lines": 12, "excluded_lines": 0}, "missing_lines": [66, 67, 97, 105, 147, 150, 151, 152, 154, 157, 160, 164], "excluded_lines": [], "functions": {"Cap.__init__": {"executed_lines": [23, 24, 25, 30, 31], "summary": {"covered_lines": 5, "num_statements": 5, "percent_covered": 100.0, "percent_covered_display": "100", "missing_lines": 0, "excluded_lines": 0}, "missing_lines": [], "excluded_lines": []}, "Cap.create_challenge": {"executed_lines": [34, 35, 37, 42, 44], "summary": {"covered_lines": 5, "num_statements": 5, "percent_covered": 100.0, "percent_covered_display": "100", "missing_lines": 0, "excluded_lines": 0}, "missing_lines": [], "excluded_lines": []}, "Cap.generate_challenge_from_token": {"executed_lines": [51, 52, 55, 56, 57, 58], "summary": {"covered_lines": 6, "num_statements": 6, "percent_covered": 100.0, "percent_covered_display": "100", "missing_lines": 0, "excluded_lines": 0}, "missing_lines": [], "excluded_lines": []}, "Cap.check_answer": {"executed_lines": [63, 64, 65, 69, 70, 71, 72, 74, 75, 76, 77], "summary": {"covered_lines": 11, "num_statements": 13, "percent_covered": 84.61538461538461, "percent_covered_display": "85", "missing_lines": 2, "excluded_lines": 0}, "missing_lines": [66, 67], "excluded_lines": []}, "Cap.redeem_challenge": {"executed_lines": [88, 89, 91, 103, 104, 110, 114, 116, 117, 123, 126, 127, 128, 131, 134, 136], "summary": {"covered_lines": 16, "num_statements": 18, "percent_covered": 88.88888888888889, "percent_covered_display": "89", "missing_lines": 2, "excluded_lines": 0}, "missing_lines": [97, 105], "excluded_lines": []}, "Cap.validate_token": {"executed_lines": [], "summary": {"covered_lines": 0, "num_statements": 8, "percent_covered": 0.0, "percent_covered_display": "0", "missing_lines": 8, "excluded_lines": 0}, "missing_lines": [147, 150, 151, 152, 154, 157, 160, 164], "excluded_lines": []}, "": {"executed_lines": [3, 4, 5, 7, 8, 10, 21, 22, 33, 46, 47, 60, 61, 79, 142], "summary": {"covered_lines": 15, "num_statements": 15, "percent_covered": 100.0, "percent_covered_display": "100", "missing_lines": 0, "excluded_lines": 0}, "missing_lines": [], "excluded_lines": []}}, "classes": {"Cap": {"executed_lines": [23, 24, 25, 30, 31, 34, 35, 37, 42, 44, 51, 52, 55, 56, 57, 58, 63, 64, 65, 69, 70, 71, 72, 74, 75, 76, 77, 88, 89, 91, 103, 104, 110, 114, 116, 117, 123, 126, 127, 128, 131, 134, 136], "summary": {"covered_lines": 43, "num_statements": 55, "percent_covered": 78.18181818181819, "percent_covered_display": "78", "missing_lines": 12, "excluded_lines": 0}, "missing_lines": [66, 67, 97, 105, 147, 150, 151, 152, 154, 157, 160, 164], "excluded_lines": []}, "": {"executed_lines": [3, 4, 5, 7, 8, 10, 21, 22, 33, 46, 47, 60, 61, 79, 142], "summary": {"covered_lines": 15, "num_statements": 15, "percent_covered": 100.0, "percent_covered_display": "100", "missing_lines": 0, "excluded_lines": 0}, "missing_lines": [], "excluded_lines": []}}}, "django_cap/cap_core/solver.py": {"executed_lines": [1, 2, 4, 5, 8, 20, 21, 25, 26, 28, 32, 33, 34, 36, 39, 50, 52, 55, 58, 59], "summary": {"covered_lines": 20, "num_statements": 22, "percent_covered": 90.9090909090909, "percent_covered_display": "91", "missing_lines": 2, "excluded_lines": 0}, "missing_lines": [30, 61], "excluded_lines": [], "functions": {"solve": {"executed_lines": [20, 21, 25, 26, 28, 32, 33, 34, 36], "summary": {"covered_lines": 9, "num_statements": 10, "percent_covered": 90.0, "percent_covered_display": "90", "missing_lines": 1, "excluded_lines": 0}, "missing_lines": [30], "excluded_lines": []}, "solve_pow": {"executed_lines": [50, 52, 55, 58, 59], "summary": {"covered_lines": 5, "num_statements": 6, "percent_covered": 83.33333333333333, "percent_covered_display": "83", "missing_lines": 1, "excluded_lines": 0}, "missing_lines": [61], "excluded_lines": []}, "": {"executed_lines": [1, 2, 4, 5, 8, 39], "summary": {"covered_lines": 6, "num_statements": 6, "percent_covered": 100.0, "percent_covered_display": "100", "missing_lines": 0, "excluded_lines": 0}, "missing_lines": [], "excluded_lines": []}}, "classes": {"": {"executed_lines": [1, 2, 4, 5, 8, 20, 21, 25, 26, 28, 32, 33, 34, 36, 39, 50, 52, 55, 58, 59], "summary": {"covered_lines": 20, "num_statements": 22, "percent_covered": 90.9090909090909, "percent_covered_display": "91", "missing_lines": 2, "excluded_lines": 0}, "missing_lines": [30, 61], "excluded_lines": []}}}, "django_cap/cap_core/utils.py": {"executed_lines": [1, 2, 3, 4, 7, 8, 9, 10, 11, 13, 20, 21, 29, 30, 31, 32, 33, 34, 37, 38, 39, 40, 41, 44, 45, 46, 47, 48, 49, 50, 53, 54, 55, 56, 59, 60, 65, 66, 70, 71, 78, 79, 83, 84, 90, 91, 101, 102, 109, 110, 115, 116, 117, 118, 119, 120, 121, 122, 124, 125, 127, 128, 129, 130, 131, 133, 134, 135, 136, 138], "summary": {"covered_lines": 69, "num_statements": 78, "percent_covered": 88.46153846153847, "percent_covered_display": "88", "missing_lines": 9, "excluded_lines": 0}, "missing_lines": [14, 22, 68, 76, 81, 88, 99, 107, 112], "excluded_lines": [], "functions": {"ChallengeType.as_dict": {"executed_lines": [], "summary": {"covered_lines": 0, "num_statements": 1, "percent_covered": 0.0, "percent_covered_display": "0", "missing_lines": 1, "excluded_lines": 0}, "missing_lines": [14], "excluded_lines": []}, "ChallengeType.from_dict": {"executed_lines": [], "summary": {"covered_lines": 0, "num_statements": 1, "percent_covered": 0.0, "percent_covered_display": "0", "missing_lines": 1, "excluded_lines": 0}, "missing_lines": [22], "excluded_lines": []}, "DataSource.store_challenge": {"executed_lines": [], "summary": {"covered_lines": 0, "num_statements": 1, "percent_covered": 0.0, "percent_covered_display": "0", "missing_lines": 1, "excluded_lines": 0}, "missing_lines": [68], "excluded_lines": []}, "DataSource.get_challenge": {"executed_lines": [], "summary": {"covered_lines": 0, "num_statements": 1, "percent_covered": 0.0, "percent_covered_display": "0", "missing_lines": 1, "excluded_lines": 0}, "missing_lines": [76], "excluded_lines": []}, "DataSource.delete_challenge": {"executed_lines": [], "summary": {"covered_lines": 0, "num_statements": 1, "percent_covered": 0.0, "percent_covered_display": "0", "missing_lines": 1, "excluded_lines": 0}, "missing_lines": [81], "excluded_lines": []}, "DataSource.store_token": {"executed_lines": [], "summary": {"covered_lines": 0, "num_statements": 1, "percent_covered": 0.0, "percent_covered_display": "0", "missing_lines": 1, "excluded_lines": 0}, "missing_lines": [88], "excluded_lines": []}, "DataSource.validate_token": {"executed_lines": [], "summary": {"covered_lines": 0, "num_statements": 1, "percent_covered": 0.0, "percent_covered_display": "0", "missing_lines": 1, "excluded_lines": 0}, "missing_lines": [99], "excluded_lines": []}, "DataSource.cleanup_expired": {"executed_lines": [], "summary": {"covered_lines": 0, "num_statements": 1, "percent_covered": 0.0, "percent_covered_display": "0", "missing_lines": 1, "excluded_lines": 0}, "missing_lines": [107], "excluded_lines": []}, "DataSource.get_stats": {"executed_lines": [], "summary": {"covered_lines": 0, "num_statements": 1, "percent_covered": 0.0, "percent_covered_display": "0", "missing_lines": 1, "excluded_lines": 0}, "missing_lines": [112], "excluded_lines": []}, "prng": {"executed_lines": [116, 124, 125, 127, 133, 134, 135, 136, 138], "summary": {"covered_lines": 9, "num_statements": 9, "percent_covered": 100.0, "percent_covered_display": "100", "missing_lines": 0, "excluded_lines": 0}, "missing_lines": [], "excluded_lines": []}, "prng.fnv1a": {"executed_lines": [117, 118, 119, 120, 121, 122], "summary": {"covered_lines": 6, "num_statements": 6, "percent_covered": 100.0, "percent_covered_display": "100", "missing_lines": 0, "excluded_lines": 0}, "missing_lines": [], "excluded_lines": []}, "prng.next_num": {"executed_lines": [128, 129, 130, 131], "summary": {"covered_lines": 4, "num_statements": 4, "percent_covered": 100.0, "percent_covered_display": "100", "missing_lines": 0, "excluded_lines": 0}, "missing_lines": [], "excluded_lines": []}, "": {"executed_lines": [1, 2, 3, 4, 7, 8, 9, 10, 11, 13, 20, 21, 29, 30, 31, 32, 33, 34, 37, 38, 39, 40, 41, 44, 45, 46, 47, 48, 49, 50, 53, 54, 55, 56, 59, 60, 65, 66, 70, 71, 78, 79, 83, 84, 90, 91, 101, 102, 109, 110, 115], "summary": {"covered_lines": 50, "num_statements": 50, "percent_covered": 100.0, "percent_covered_display": "100", "missing_lines": 0, "excluded_lines": 0}, "missing_lines": [], "excluded_lines": []}}, "classes": {"ChallengeType": {"executed_lines": [], "summary": {"covered_lines": 0, "num_statements": 2, "percent_covered": 0.0, "percent_covered_display": "0", "missing_lines": 2, "excluded_lines": 0}, "missing_lines": [14, 22], "excluded_lines": []}, "RedeemResult": {"executed_lines": [], "summary": {"covered_lines": 0, "num_statements": 0, "percent_covered": 100.0, "percent_covered_display": "100", "missing_lines": 0, "excluded_lines": 0}, "missing_lines": [], "excluded_lines": []}, "ChallengeItem": {"executed_lines": [], "summary": {"covered_lines": 0, "num_statements": 0, "percent_covered": 100.0, "percent_covered_display": "100", "missing_lines": 0, "excluded_lines": 0}, "missing_lines": [], "excluded_lines": []}, "CapConfig": {"executed_lines": [], "summary": {"covered_lines": 0, "num_statements": 0, "percent_covered": 100.0, "percent_covered_display": "100", "missing_lines": 0, "excluded_lines": 0}, "missing_lines": [], "excluded_lines": []}, "Solution": {"executed_lines": [], "summary": {"covered_lines": 0, "num_statements": 0, "percent_covered": 100.0, "percent_covered_display": "100", "missing_lines": 0, "excluded_lines": 0}, "missing_lines": [], "excluded_lines": []}, "DataSource": {"executed_lines": [], "summary": {"covered_lines": 0, "num_statements": 7, "percent_covered": 0.0, "percent_covered_display": "0", "missing_lines": 7, "excluded_lines": 0}, "missing_lines": [68, 76, 81, 88, 99, 107, 112], "excluded_lines": []}, "": {"executed_lines": [1, 2, 3, 4, 7, 8, 9, 10, 11, 13, 20, 21, 29, 30, 31, 32, 33, 34, 37, 38, 39, 40, 41, 44, 45, 46, 47, 48, 49, 50, 53, 54, 55, 56, 59, 60, 65, 66, 70, 71, 78, 79, 83, 84, 90, 91, 101, 102, 109, 110, 115, 116, 117, 118, 119, 120, 121, 122, 124, 125, 127, 128, 129, 130, 131, 133, 134, 135, 136, 138], "summary": {"covered_lines": 69, "num_statements": 69, "percent_covered": 100.0, "percent_covered_display": "100", "missing_lines": 0, "excluded_lines": 0}, "missing_lines": [], "excluded_lines": []}}}, "django_cap/django_adapter.py": {"executed_lines": [1, 6, 7, 8, 10, 12, 13, 14, 22, 24, 27, 28, 33, 42, 58, 66, 76, 95, 120, 133, 134, 139, 141, 150, 153, 155, 157, 171, 178, 185, 191, 199], "summary": {"covered_lines": 29, "num_statements": 73, "percent_covered": 39.726027397260275, "percent_covered_display": "40", "missing_lines": 44, "excluded_lines": 0}, "missing_lines": [35, 36, 44, 45, 46, 47, 48, 50, 55, 56, 60, 61, 62, 63, 64, 70, 80, 81, 84, 85, 86, 88, 89, 91, 92, 93, 97, 100, 101, 102, 105, 106, 107, 109, 110, 115, 122, 123, 162, 163, 176, 183, 189, 195], "excluded_lines": [], "functions": {"DjangoDataSource.store_challenge": {"executed_lines": [], "summary": {"covered_lines": 0, "num_statements": 2, "percent_covered": 0.0, "percent_covered_display": "0", "missing_lines": 2, "excluded_lines": 0}, "missing_lines": [35, 36], "excluded_lines": []}, "DjangoDataSource.get_challenge": {"executed_lines": [], "summary": {"covered_lines": 0, "num_statements": 8, "percent_covered": 0.0, "percent_covered_display": "0", "missing_lines": 8, "excluded_lines": 0}, "missing_lines": [44, 45, 46, 47, 48, 50, 55, 56], "excluded_lines": []}, "DjangoDataSource.delete_challenge": {"executed_lines": [], "summary": {"covered_lines": 0, "num_statements": 5, "percent_covered": 0.0, "percent_covered_display": "0", "missing_lines": 5, "excluded_lines": 0}, "missing_lines": [60, 61, 62, 63, 64], "excluded_lines": []}, "DjangoDataSource.store_token": {"executed_lines": [], "summary": {"covered_lines": 0, "num_statements": 1, "percent_covered": 0.0, "percent_covered_display": "0", "missing_lines": 1, "excluded_lines": 0}, "missing_lines": [70], "excluded_lines": []}, "DjangoDataSource.validate_token": {"executed_lines": [], "summary": {"covered_lines": 0, "num_statements": 10, "percent_covered": 0.0, "percent_covered_display": "0", "missing_lines": 10, "excluded_lines": 0}, "missing_lines": [80, 81, 84, 85, 86, 88, 89, 91, 92, 93], "excluded_lines": []}, "DjangoDataSource.cleanup_expired": {"executed_lines": [], "summary": {"covered_lines": 0, "num_statements": 10, "percent_covered": 0.0, "percent_covered_display": "0", "missing_lines": 10, "excluded_lines": 0}, "missing_lines": [97, 100, 101, 102, 105, 106, 107, 109, 110, 115], "excluded_lines": []}, "DjangoDataSource.get_stats": {"executed_lines": [], "summary": {"covered_lines": 0, "num_statements": 2, "percent_covered": 0.0, "percent_covered_display": "0", "missing_lines": 2, "excluded_lines": 0}, "missing_lines": [122, 123], "excluded_lines": []}, "DjangoCapAdapter.__init__": {"executed_lines": [141, 150, 153, 155], "summary": {"covered_lines": 4, "num_statements": 4, "percent_covered": 100.0, "percent_covered_display": "100", "missing_lines": 0, "excluded_lines": 0}, "missing_lines": [], "excluded_lines": []}, "DjangoCapAdapter.create_challenge": {"executed_lines": [], "summary": {"covered_lines": 0, "num_statements": 2, "percent_covered": 0.0, "percent_covered_display": "0", "missing_lines": 2, "excluded_lines": 0}, "missing_lines": [162, 163], "excluded_lines": []}, "DjangoCapAdapter.redeem_challenge": {"executed_lines": [], "summary": {"covered_lines": 0, "num_statements": 1, "percent_covered": 0.0, "percent_covered_display": "0", "missing_lines": 1, "excluded_lines": 0}, "missing_lines": [176], "excluded_lines": []}, "DjangoCapAdapter.validate_token": {"executed_lines": [], "summary": {"covered_lines": 0, "num_statements": 1, "percent_covered": 0.0, "percent_covered_display": "0", "missing_lines": 1, "excluded_lines": 0}, "missing_lines": [183], "excluded_lines": []}, "DjangoCapAdapter.cleanup_expired": {"executed_lines": [], "summary": {"covered_lines": 0, "num_statements": 1, "percent_covered": 0.0, "percent_covered_display": "0", "missing_lines": 1, "excluded_lines": 0}, "missing_lines": [189], "excluded_lines": []}, "DjangoCapAdapter.get_stats": {"executed_lines": [], "summary": {"covered_lines": 0, "num_statements": 1, "percent_covered": 0.0, "percent_covered_display": "0", "missing_lines": 1, "excluded_lines": 0}, "missing_lines": [195], "excluded_lines": []}, "": {"executed_lines": [1, 6, 7, 8, 10, 12, 13, 14, 22, 24, 27, 28, 33, 42, 58, 66, 76, 95, 120, 133, 134, 139, 157, 171, 178, 185, 191, 199], "summary": {"covered_lines": 25, "num_statements": 25, "percent_covered": 100.0, "percent_covered_display": "100", "missing_lines": 0, "excluded_lines": 0}, "missing_lines": [], "excluded_lines": []}}, "classes": {"DjangoDataSource": {"executed_lines": [], "summary": {"covered_lines": 0, "num_statements": 38, "percent_covered": 0.0, "percent_covered_display": "0", "missing_lines": 38, "excluded_lines": 0}, "missing_lines": [35, 36, 44, 45, 46, 47, 48, 50, 55, 56, 60, 61, 62, 63, 64, 70, 80, 81, 84, 85, 86, 88, 89, 91, 92, 93, 97, 100, 101, 102, 105, 106, 107, 109, 110, 115, 122, 123], "excluded_lines": []}, "DjangoCapAdapter": {"executed_lines": [141, 150, 153, 155], "summary": {"covered_lines": 4, "num_statements": 10, "percent_covered": 40.0, "percent_covered_display": "40", "missing_lines": 6, "excluded_lines": 0}, "missing_lines": [162, 163, 176, 183, 189, 195], "excluded_lines": []}, "": {"executed_lines": [1, 6, 7, 8, 10, 12, 13, 14, 22, 24, 27, 28, 33, 42, 58, 66, 76, 95, 120, 133, 134, 139, 157, 171, 178, 185, 191, 199], "summary": {"covered_lines": 25, "num_statements": 25, "percent_covered": 100.0, "percent_covered_display": "100", "missing_lines": 0, "excluded_lines": 0}, "missing_lines": [], "excluded_lines": []}}}, "django_cap/django_app_settings.py": {"executed_lines": [1, 3, 5, 22, 23, 24, 26, 27, 29, 31, 32, 35, 36, 37, 39, 40, 43, 44, 45, 47, 48, 49, 51, 52, 53, 55, 56, 57, 63, 64, 65, 69, 70, 71, 73, 74, 75, 77, 78, 79, 81, 82, 83, 85, 86, 87, 89, 90, 91, 94, 97, 99], "summary": {"covered_lines": 52, "num_statements": 54, "percent_covered": 96.29629629629629, "percent_covered_display": "96", "missing_lines": 2, "excluded_lines": 0}, "missing_lines": [33, 41], "excluded_lines": [], "functions": {"DjangoAppSettings.__init__": {"executed_lines": [24], "summary": {"covered_lines": 1, "num_statements": 1, "percent_covered": 100.0, "percent_covered_display": "100", "missing_lines": 0, "excluded_lines": 0}, "missing_lines": [], "excluded_lines": []}, "DjangoAppSettings._setting": {"executed_lines": [27, 29], "summary": {"covered_lines": 2, "num_statements": 2, "percent_covered": 100.0, "percent_covered_display": "100", "missing_lines": 0, "excluded_lines": 0}, "missing_lines": [], "excluded_lines": []}, "DjangoAppSettings.SITES_ENABLED": {"executed_lines": [], "summary": {"covered_lines": 0, "num_statements": 1, "percent_covered": 0.0, "percent_covered_display": "0", "missing_lines": 1, "excluded_lines": 0}, "missing_lines": [33], "excluded_lines": []}, "DjangoAppSettings.DJANGO_ADMIN_ENABLED": {"executed_lines": [37], "summary": {"covered_lines": 1, "num_statements": 1, "percent_covered": 100.0, "percent_covered_display": "100", "missing_lines": 0, "excluded_lines": 0}, "missing_lines": [], "excluded_lines": []}, "DjangoAppSettings.ENABLED": {"executed_lines": [], "summary": {"covered_lines": 0, "num_statements": 1, "percent_covered": 0.0, "percent_covered_display": "0", "missing_lines": 1, "excluded_lines": 0}, "missing_lines": [41], "excluded_lines": []}, "DjangoAppSettings.NINJA_API_ENABLED": {"executed_lines": [45], "summary": {"covered_lines": 1, "num_statements": 1, "percent_covered": 100.0, "percent_covered_display": "100", "missing_lines": 0, "excluded_lines": 0}, "missing_lines": [], "excluded_lines": []}, "DjangoAppSettings.NINJA_API_ENABLE_DOCS": {"executed_lines": [49], "summary": {"covered_lines": 1, "num_statements": 1, "percent_covered": 100.0, "percent_covered_display": "100", "missing_lines": 0, "excluded_lines": 0}, "missing_lines": [], "excluded_lines": []}, "DjangoAppSettings.DRF_API_ENABLED": {"executed_lines": [53], "summary": {"covered_lines": 1, "num_statements": 1, "percent_covered": 100.0, "percent_covered_display": "100", "missing_lines": 0, "excluded_lines": 0}, "missing_lines": [], "excluded_lines": []}, "DjangoAppSettings.UNFOLD_ADMIN_ENABLED": {"executed_lines": [57], "summary": {"covered_lines": 1, "num_statements": 1, "percent_covered": 100.0, "percent_covered_display": "100", "missing_lines": 0, "excluded_lines": 0}, "missing_lines": [], "excluded_lines": []}, "DjangoAppSettings.WIDGET_URL": {"executed_lines": [65], "summary": {"covered_lines": 1, "num_statements": 1, "percent_covered": 100.0, "percent_covered_display": "100", "missing_lines": 0, "excluded_lines": 0}, "missing_lines": [], "excluded_lines": []}, "DjangoAppSettings.CHALLENGE_COUNT": {"executed_lines": [71], "summary": {"covered_lines": 1, "num_statements": 1, "percent_covered": 100.0, "percent_covered_display": "100", "missing_lines": 0, "excluded_lines": 0}, "missing_lines": [], "excluded_lines": []}, "DjangoAppSettings.CHALLENGE_SIZE": {"executed_lines": [75], "summary": {"covered_lines": 1, "num_statements": 1, "percent_covered": 100.0, "percent_covered_display": "100", "missing_lines": 0, "excluded_lines": 0}, "missing_lines": [], "excluded_lines": []}, "DjangoAppSettings.CHALLENGE_DIFFICULTY": {"executed_lines": [79], "summary": {"covered_lines": 1, "num_statements": 1, "percent_covered": 100.0, "percent_covered_display": "100", "missing_lines": 0, "excluded_lines": 0}, "missing_lines": [], "excluded_lines": []}, "DjangoAppSettings.CHALLENGE_EXPIRES_S": {"executed_lines": [83], "summary": {"covered_lines": 1, "num_statements": 1, "percent_covered": 100.0, "percent_covered_display": "100", "missing_lines": 0, "excluded_lines": 0}, "missing_lines": [], "excluded_lines": []}, "DjangoAppSettings.TOKEN_EXPIRES_S": {"executed_lines": [87], "summary": {"covered_lines": 1, "num_statements": 1, "percent_covered": 100.0, "percent_covered_display": "100", "missing_lines": 0, "excluded_lines": 0}, "missing_lines": [], "excluded_lines": []}, "DjangoAppSettings.CLEANUP_INTERVAL_S": {"executed_lines": [91], "summary": {"covered_lines": 1, "num_statements": 1, "percent_covered": 100.0, "percent_covered_display": "100", "missing_lines": 0, "excluded_lines": 0}, "missing_lines": [], "excluded_lines": []}, "__getattr__": {"executed_lines": [99], "summary": {"covered_lines": 1, "num_statements": 1, "percent_covered": 100.0, "percent_covered_display": "100", "missing_lines": 0, "excluded_lines": 0}, "missing_lines": [], "excluded_lines": []}, "": {"executed_lines": [1, 3, 5, 22, 23, 26, 31, 32, 35, 36, 39, 40, 43, 44, 47, 48, 51, 52, 55, 56, 63, 64, 69, 70, 73, 74, 77, 78, 81, 82, 85, 86, 89, 90, 94, 97], "summary": {"covered_lines": 36, "num_statements": 36, "percent_covered": 100.0, "percent_covered_display": "100", "missing_lines": 0, "excluded_lines": 0}, "missing_lines": [], "excluded_lines": []}}, "classes": {"DjangoAppSettings": {"executed_lines": [24, 27, 29, 37, 45, 49, 53, 57, 65, 71, 75, 79, 83, 87, 91], "summary": {"covered_lines": 15, "num_statements": 17, "percent_covered": 88.23529411764706, "percent_covered_display": "88", "missing_lines": 2, "excluded_lines": 0}, "missing_lines": [33, 41], "excluded_lines": []}, "": {"executed_lines": [1, 3, 5, 22, 23, 26, 31, 32, 35, 36, 39, 40, 43, 44, 47, 48, 51, 52, 55, 56, 63, 64, 69, 70, 73, 74, 77, 78, 81, 82, 85, 86, 89, 90, 94, 97, 99], "summary": {"covered_lines": 37, "num_statements": 37, "percent_covered": 100.0, "percent_covered_display": "100", "missing_lines": 0, "excluded_lines": 0}, "missing_lines": [], "excluded_lines": []}}}, "django_cap/drf_api/__init__.py": {"executed_lines": [], "summary": {"covered_lines": 0, "num_statements": 0, "percent_covered": 100.0, "percent_covered_display": "100", "missing_lines": 0, "excluded_lines": 1}, "missing_lines": [], "excluded_lines": [1], "functions": {"": {"executed_lines": [], "summary": {"covered_lines": 0, "num_statements": 0, "percent_covered": 100.0, "percent_covered_display": "100", "missing_lines": 0, "excluded_lines": 1}, "missing_lines": [], "excluded_lines": [1]}}, "classes": {"": {"executed_lines": [], "summary": {"covered_lines": 0, "num_statements": 0, "percent_covered": 100.0, "percent_covered_display": "100", "missing_lines": 0, "excluded_lines": 1}, "missing_lines": [], "excluded_lines": [1]}}}, "django_cap/models.py": {"executed_lines": [1, 2, 5, 6, 10, 11, 16, 17, 19, 20, 21, 23, 26, 30, 31, 35, 36, 37, 38, 40, 41, 42, 44, 47], "summary": {"covered_lines": 22, "num_statements": 26, "percent_covered": 84.61538461538461, "percent_covered_display": "85", "missing_lines": 4, "excluded_lines": 0}, "missing_lines": [24, 27, 45, 48], "excluded_lines": [], "functions": {"Challenge.__str__": {"executed_lines": [], "summary": {"covered_lines": 0, "num_statements": 1, "percent_covered": 0.0, "percent_covered_display": "0", "missing_lines": 1, "excluded_lines": 0}, "missing_lines": [24], "excluded_lines": []}, "Challenge.is_expired": {"executed_lines": [], "summary": {"covered_lines": 0, "num_statements": 1, "percent_covered": 0.0, "percent_covered_display": "0", "missing_lines": 1, "excluded_lines": 0}, "missing_lines": [27], "excluded_lines": []}, "Token.__str__": {"executed_lines": [], "summary": {"covered_lines": 0, "num_statements": 1, "percent_covered": 0.0, "percent_covered_display": "0", "missing_lines": 1, "excluded_lines": 0}, "missing_lines": [45], "excluded_lines": []}, "Token.is_expired": {"executed_lines": [], "summary": {"covered_lines": 0, "num_statements": 1, "percent_covered": 0.0, "percent_covered_display": "0", "missing_lines": 1, "excluded_lines": 0}, "missing_lines": [48], "excluded_lines": []}, "": {"executed_lines": [1, 2, 5, 6, 10, 11, 16, 17, 19, 20, 21, 23, 26, 30, 31, 35, 36, 37, 38, 40, 41, 42, 44, 47], "summary": {"covered_lines": 22, "num_statements": 22, "percent_covered": 100.0, "percent_covered_display": "100", "missing_lines": 0, "excluded_lines": 0}, "missing_lines": [], "excluded_lines": []}}, "classes": {"Challenge": {"executed_lines": [], "summary": {"covered_lines": 0, "num_statements": 2, "percent_covered": 0.0, "percent_covered_display": "0", "missing_lines": 2, "excluded_lines": 0}, "missing_lines": [24, 27], "excluded_lines": []}, "Challenge.Meta": {"executed_lines": [], "summary": {"covered_lines": 0, "num_statements": 0, "percent_covered": 100.0, "percent_covered_display": "100", "missing_lines": 0, "excluded_lines": 0}, "missing_lines": [], "excluded_lines": []}, "Token": {"executed_lines": [], "summary": {"covered_lines": 0, "num_statements": 2, "percent_covered": 0.0, "percent_covered_display": "0", "missing_lines": 2, "excluded_lines": 0}, "missing_lines": [45, 48], "excluded_lines": []}, "Token.Meta": {"executed_lines": [], "summary": {"covered_lines": 0, "num_statements": 0, "percent_covered": 100.0, "percent_covered_display": "100", "missing_lines": 0, "excluded_lines": 0}, "missing_lines": [], "excluded_lines": []}, "": {"executed_lines": [1, 2, 5, 6, 10, 11, 16, 17, 19, 20, 21, 23, 26, 30, 31, 35, 36, 37, 38, 40, 41, 42, 44, 47], "summary": {"covered_lines": 22, "num_statements": 22, "percent_covered": 100.0, "percent_covered_display": "100", "missing_lines": 0, "excluded_lines": 0}, "missing_lines": [], "excluded_lines": []}}}, "django_cap/ninja_api/__init__.py": {"executed_lines": [0], "summary": {"covered_lines": 0, "num_statements": 0, "percent_covered": 100.0, "percent_covered_display": "100", "missing_lines": 0, "excluded_lines": 0}, "missing_lines": [], "excluded_lines": [], "functions": {"": {"executed_lines": [], "summary": {"covered_lines": 0, "num_statements": 0, "percent_covered": 100.0, "percent_covered_display": "100", "missing_lines": 0, "excluded_lines": 0}, "missing_lines": [], "excluded_lines": []}}, "classes": {"": {"executed_lines": [], "summary": {"covered_lines": 0, "num_statements": 0, "percent_covered": 100.0, "percent_covered_display": "100", "missing_lines": 0, "excluded_lines": 0}, "missing_lines": [], "excluded_lines": []}}}, "django_cap/ninja_api/apps.py": {"executed_lines": [1, 4, 5, 6, 8, 10], "summary": {"covered_lines": 6, "num_statements": 6, "percent_covered": 100.0, "percent_covered_display": "100", "missing_lines": 0, "excluded_lines": 0}, "missing_lines": [], "excluded_lines": [], "functions": {"NinjaAPIConfig.ready": {"executed_lines": [10], "summary": {"covered_lines": 1, "num_statements": 1, "percent_covered": 100.0, "percent_covered_display": "100", "missing_lines": 0, "excluded_lines": 0}, "missing_lines": [], "excluded_lines": []}, "": {"executed_lines": [1, 4, 5, 6, 8], "summary": {"covered_lines": 5, "num_statements": 5, "percent_covered": 100.0, "percent_covered_display": "100", "missing_lines": 0, "excluded_lines": 0}, "missing_lines": [], "excluded_lines": []}}, "classes": {"NinjaAPIConfig": {"executed_lines": [10], "summary": {"covered_lines": 1, "num_statements": 1, "percent_covered": 100.0, "percent_covered_display": "100", "missing_lines": 0, "excluded_lines": 0}, "missing_lines": [], "excluded_lines": []}, "": {"executed_lines": [1, 4, 5, 6, 8], "summary": {"covered_lines": 5, "num_statements": 5, "percent_covered": 100.0, "percent_covered_display": "100", "missing_lines": 0, "excluded_lines": 0}, "missing_lines": [], "excluded_lines": []}}}, "django_cap/ninja_api/views.py": {"executed_lines": [1, 10, 11, 12, 14, 15, 16, 19, 28, 29, 30, 31, 34, 35, 36, 39, 40, 41, 42, 43, 46, 47, 48, 51, 52, 56, 57, 71, 72, 94, 95], "summary": {"covered_lines": 30, "num_statements": 47, "percent_covered": 63.829787234042556, "percent_covered_display": "64", "missing_lines": 17, "excluded_lines": 0}, "missing_lines": [63, 64, 65, 67, 68, 78, 79, 81, 83, 90, 91, 101, 102, 103, 105, 107, 108], "excluded_lines": [], "functions": {"create_challenge": {"executed_lines": [], "summary": {"covered_lines": 0, "num_statements": 5, "percent_covered": 0.0, "percent_covered_display": "0", "missing_lines": 5, "excluded_lines": 0}, "missing_lines": [63, 64, 65, 67, 68], "excluded_lines": []}, "redeem_challenge": {"executed_lines": [], "summary": {"covered_lines": 0, "num_statements": 6, "percent_covered": 0.0, "percent_covered_display": "0", "missing_lines": 6, "excluded_lines": 0}, "missing_lines": [78, 79, 81, 83, 90, 91], "excluded_lines": []}, "validate_token": {"executed_lines": [], "summary": {"covered_lines": 0, "num_statements": 6, "percent_covered": 0.0, "percent_covered_display": "0", "missing_lines": 6, "excluded_lines": 0}, "missing_lines": [101, 102, 103, 105, 107, 108], "excluded_lines": []}, "": {"executed_lines": [1, 10, 11, 12, 14, 15, 16, 19, 28, 29, 30, 31, 34, 35, 36, 39, 40, 41, 42, 43, 46, 47, 48, 51, 52, 56, 57, 71, 72, 94, 95], "summary": {"covered_lines": 30, "num_statements": 30, "percent_covered": 100.0, "percent_covered_display": "100", "missing_lines": 0, "excluded_lines": 0}, "missing_lines": [], "excluded_lines": []}}, "classes": {"ChallengeResponse": {"executed_lines": [], "summary": {"covered_lines": 0, "num_statements": 0, "percent_covered": 100.0, "percent_covered_display": "100", "missing_lines": 0, "excluded_lines": 0}, "missing_lines": [], "excluded_lines": []}, "SolutionRequest": {"executed_lines": [], "summary": {"covered_lines": 0, "num_statements": 0, "percent_covered": 100.0, "percent_covered_display": "100", "missing_lines": 0, "excluded_lines": 0}, "missing_lines": [], "excluded_lines": []}, "RedeemResponse": {"executed_lines": [], "summary": {"covered_lines": 0, "num_statements": 0, "percent_covered": 100.0, "percent_covered_display": "100", "missing_lines": 0, "excluded_lines": 0}, "missing_lines": [], "excluded_lines": []}, "ValidateRequest": {"executed_lines": [], "summary": {"covered_lines": 0, "num_statements": 0, "percent_covered": 100.0, "percent_covered_display": "100", "missing_lines": 0, "excluded_lines": 0}, "missing_lines": [], "excluded_lines": []}, "ValidateResponse": {"executed_lines": [], "summary": {"covered_lines": 0, "num_statements": 0, "percent_covered": 100.0, "percent_covered_display": "100", "missing_lines": 0, "excluded_lines": 0}, "missing_lines": [], "excluded_lines": []}, "": {"executed_lines": [1, 10, 11, 12, 14, 15, 16, 19, 28, 29, 30, 31, 34, 35, 36, 39, 40, 41, 42, 43, 46, 47, 48, 51, 52, 56, 57, 71, 72, 94, 95], "summary": {"covered_lines": 30, "num_statements": 47, "percent_covered": 63.829787234042556, "percent_covered_display": "64", "missing_lines": 17, "excluded_lines": 0}, "missing_lines": [63, 64, 65, 67, 68, 78, 79, 81, 83, 90, 91, 101, 102, 103, 105, 107, 108], "excluded_lines": []}}}, "django_cap/templatetags/__init__.py": {"executed_lines": [0], "summary": {"covered_lines": 0, "num_statements": 0, "percent_covered": 100.0, "percent_covered_display": "100", "missing_lines": 0, "excluded_lines": 0}, "missing_lines": [], "excluded_lines": [], "functions": {"": {"executed_lines": [], "summary": {"covered_lines": 0, "num_statements": 0, "percent_covered": 100.0, "percent_covered_display": "100", "missing_lines": 0, "excluded_lines": 0}, "missing_lines": [], "excluded_lines": []}}, "classes": {"": {"executed_lines": [], "summary": {"covered_lines": 0, "num_statements": 0, "percent_covered": 100.0, "percent_covered_display": "100", "missing_lines": 0, "excluded_lines": 0}, "missing_lines": [], "excluded_lines": []}}}, "django_cap/templatetags/django_cap.py": {"executed_lines": [1, 2, 4, 6, 9, 10, 19, 20, 55, 56], "summary": {"covered_lines": 10, "num_statements": 21, "percent_covered": 47.61904761904762, "percent_covered_display": "48", "missing_lines": 11, "excluded_lines": 0}, "missing_lines": [15, 16, 30, 36, 37, 50, 52, 65, 70, 87, 88], "excluded_lines": [], "functions": {"cap_widget_script": {"executed_lines": [], "summary": {"covered_lines": 0, "num_statements": 2, "percent_covered": 0.0, "percent_covered_display": "0", "missing_lines": 2, "excluded_lines": 0}, "missing_lines": [15, 16], "excluded_lines": []}, "cap_widget": {"executed_lines": [], "summary": {"covered_lines": 0, "num_statements": 5, "percent_covered": 0.0, "percent_covered_display": "0", "missing_lines": 5, "excluded_lines": 0}, "missing_lines": [30, 36, 37, 50, 52], "excluded_lines": []}, "cap_widget_with_handler": {"executed_lines": [], "summary": {"covered_lines": 0, "num_statements": 4, "percent_covered": 0.0, "percent_covered_display": "0", "missing_lines": 4, "excluded_lines": 0}, "missing_lines": [65, 70, 87, 88], "excluded_lines": []}, "": {"executed_lines": [1, 2, 4, 6, 9, 10, 19, 20, 55, 56], "summary": {"covered_lines": 10, "num_statements": 10, "percent_covered": 100.0, "percent_covered_display": "100", "missing_lines": 0, "excluded_lines": 0}, "missing_lines": [], "excluded_lines": []}}, "classes": {"": {"executed_lines": [1, 2, 4, 6, 9, 10, 19, 20, 55, 56], "summary": {"covered_lines": 10, "num_statements": 21, "percent_covered": 47.61904761904762, "percent_covered_display": "48", "missing_lines": 11, "excluded_lines": 0}, "missing_lines": [15, 16, 30, 36, 37, 50, 52, 65, 70, 87, 88], "excluded_lines": []}}}, "django_cap/urls.py": {"executed_lines": [1, 3, 4, 9, 10, 12], "summary": {"covered_lines": 6, "num_statements": 10, "percent_covered": 60.0, "percent_covered_display": "60", "missing_lines": 4, "excluded_lines": 0}, "missing_lines": [16, 17, 19, 23], "excluded_lines": [], "functions": {"": {"executed_lines": [1, 3, 4, 9, 10, 12], "summary": {"covered_lines": 6, "num_statements": 10, "percent_covered": 60.0, "percent_covered_display": "60", "missing_lines": 4, "excluded_lines": 0}, "missing_lines": [16, 17, 19, 23], "excluded_lines": []}}, "classes": {"": {"executed_lines": [1, 3, 4, 9, 10, 12], "summary": {"covered_lines": 6, "num_statements": 10, "percent_covered": 60.0, "percent_covered_display": "60", "missing_lines": 4, "excluded_lines": 0}, "missing_lines": [16, 17, 19, 23], "excluded_lines": []}}}, "django_cap/views.py": {"executed_lines": [1, 3, 4, 6, 7, 10, 11, 25, 26, 50, 51], "summary": {"covered_lines": 11, "num_statements": 33, "percent_covered": 33.333333333333336, "percent_covered_display": "33", "missing_lines": 22, "excluded_lines": 0}, "missing_lines": [17, 18, 19, 21, 22, 36, 37, 39, 43, 44, 46, 47, 61, 62, 64, 65, 66, 68, 69, 71, 73, 74], "excluded_lines": [], "functions": {"create_challenge": {"executed_lines": [], "summary": {"covered_lines": 0, "num_statements": 5, "percent_covered": 0.0, "percent_covered_display": "0", "missing_lines": 5, "excluded_lines": 0}, "missing_lines": [17, 18, 19, 21, 22], "excluded_lines": []}, "redeem_challenge": {"executed_lines": [], "summary": {"covered_lines": 0, "num_statements": 7, "percent_covered": 0.0, "percent_covered_display": "0", "missing_lines": 7, "excluded_lines": 0}, "missing_lines": [36, 37, 39, 43, 44, 46, 47], "excluded_lines": []}, "validate_token": {"executed_lines": [], "summary": {"covered_lines": 0, "num_statements": 10, "percent_covered": 0.0, "percent_covered_display": "0", "missing_lines": 10, "excluded_lines": 0}, "missing_lines": [61, 62, 64, 65, 66, 68, 69, 71, 73, 74], "excluded_lines": []}, "": {"executed_lines": [1, 3, 4, 6, 7, 10, 11, 25, 26, 50, 51], "summary": {"covered_lines": 11, "num_statements": 11, "percent_covered": 100.0, "percent_covered_display": "100", "missing_lines": 0, "excluded_lines": 0}, "missing_lines": [], "excluded_lines": []}}, "classes": {"": {"executed_lines": [1, 3, 4, 6, 7, 10, 11, 25, 26, 50, 51], "summary": {"covered_lines": 11, "num_statements": 33, "percent_covered": 33.333333333333336, "percent_covered_display": "33", "missing_lines": 22, "excluded_lines": 0}, "missing_lines": [17, 18, 19, 21, 22, 36, 37, 39, 43, 44, 46, 47, 61, 62, 64, 65, 66, 68, 69, 71, 73, 74], "excluded_lines": []}}}}, "totals": {"covered_lines": 346, "num_statements": 476, "percent_covered": 72.6890756302521, "percent_covered_display": "73", "missing_lines": 130, "excluded_lines": 1}}
